{"/Users/warrenberrahi/Documents/Formations/From_Scratch/JavaScript_AZ/Chapitre6/Cours_Suite_et_Fin/Test-JS/add.js": {"path":"/Users/warrenberrahi/Documents/Formations/From_Scratch/JavaScript_AZ/Chapitre6/Cours_Suite_et_Fin/Test-JS/add.js","statementMap":{"0":{"start":{"line":6,"column":2},"end":{"line":6,"column":15}},"1":{"start":{"line":9,"column":0},"end":{"line":9,"column":24}}},"fnMap":{"0":{"name":"addNum","decl":{"start":{"line":5,"column":9},"end":{"line":5,"column":15}},"loc":{"start":{"line":5,"column":22},"end":{"line":7,"column":1}},"line":5}},"branchMap":{},"s":{"0":1,"1":1},"f":{"0":1},"b":{},"_coverageSchema":"1a1c01bbd47fc00a2c39e90264f33305004495a9","hash":"1429eb12f1f716e1c33aabcb0dedabf99d3b2303"}
,"/Users/warrenberrahi/Documents/Formations/From_Scratch/JavaScript_AZ/Chapitre6/Cours_Suite_et_Fin/Test-JS/fusionArray.js": {"path":"/Users/warrenberrahi/Documents/Formations/From_Scratch/JavaScript_AZ/Chapitre6/Cours_Suite_et_Fin/Test-JS/fusionArray.js","statementMap":{"0":{"start":{"line":1,"column":20},"end":{"line":3,"column":1}},"1":{"start":{"line":2,"column":2},"end":{"line":2,"column":28}},"2":{"start":{"line":5,"column":0},"end":{"line":5,"column":29}}},"fnMap":{"0":{"name":"(anonymous_0)","decl":{"start":{"line":1,"column":20},"end":{"line":1,"column":21}},"loc":{"start":{"line":1,"column":36},"end":{"line":3,"column":1}},"line":1}},"branchMap":{},"s":{"0":1,"1":2,"2":1},"f":{"0":2},"b":{},"_coverageSchema":"1a1c01bbd47fc00a2c39e90264f33305004495a9","hash":"13c9b270ecf5a450b0db0ffa6249065fc0f1f1f8"}
}
